<?xml version="1.0" encoding="UTF-8"?>
<testsuite name="NumbersTest" tests="1" skipped="0" failures="0" errors="0" timestamp="2022-02-21T23:00:03" hostname="ZSHWRW001872" time="0.5">
  <properties/>
  <testcase name="start" classname="NumbersTest" time="0.5"/>
  <system-out><![CDATA[?[1;31m
Start test 1?[0m
Enter a natural number:
> 0
This number is not natural!
?[1;31m
Start test 2?[0m
Enter a natural number:
> -1
This number is not natural!
?[1;31m
Start test 3?[0m
Enter a natural number:
> -2
This number is not natural!
?[1;31m
Start test 4?[0m
Enter a natural number:
> -3
This number is not natural!
?[1;31m
Start test 5?[0m
Enter a natural number:
> -4
This number is not natural!
?[1;31m
Start test 6?[0m
Enter a natural number:
> -5
This number is not natural!
?[1;31m
Start test 7?[0m
Enter a natural number:
> 1
This number is Odd.
It is not a Buzz number.
Explanation:
1 is neither divisible by 7 nor does it end with 7.
?[1;31m
Start test 8?[0m
Enter a natural number:
> 2
This number is Even.
It is not a Buzz number.
Explanation:
2 is neither divisible by 7 nor does it end with 7.
?[1;31m
Start test 9?[0m
Enter a natural number:
> 3
This number is Odd.
It is not a Buzz number.
Explanation:
3 is neither divisible by 7 nor does it end with 7.
?[1;31m
Start test 10?[0m
Enter a natural number:
> 4
This number is Even.
It is not a Buzz number.
Explanation:
4 is neither divisible by 7 nor does it end with 7.
?[1;31m
Start test 11?[0m
Enter a natural number:
> 5
This number is Odd.
It is not a Buzz number.
Explanation:
5 is neither divisible by 7 nor does it end with 7.
?[1;31m
Start test 12?[0m
Enter a natural number:
> 6
This number is Even.
It is not a Buzz number.
Explanation:
6 is neither divisible by 7 nor does it end with 7.
?[1;31m
Start test 13?[0m
Enter a natural number:
> 7
This number is Odd.
It is a Buzz number.
Explanation:
7 is divisible by 7 and ends with 7.
?[1;31m
Start test 14?[0m
Enter a natural number:
> 8
This number is Even.
It is not a Buzz number.
Explanation:
8 is neither divisible by 7 nor does it end with 7.
?[1;31m
Start test 15?[0m
Enter a natural number:
> 9
This number is Odd.
It is not a Buzz number.
Explanation:
9 is neither divisible by 7 nor does it end with 7.
?[1;31m
Start test 16?[0m
Enter a natural number:
> 10
This number is Even.
It is not a Buzz number.
Explanation:
10 is neither divisible by 7 nor does it end with 7.
?[1;31m
Start test 17?[0m
Enter a natural number:
> 11
This number is Odd.
It is not a Buzz number.
Explanation:
11 is neither divisible by 7 nor does it end with 7.
?[1;31m
Start test 18?[0m
Enter a natural number:
> 12
This number is Even.
It is not a Buzz number.
Explanation:
12 is neither divisible by 7 nor does it end with 7.
?[1;31m
Start test 19?[0m
Enter a natural number:
> 13
This number is Odd.
It is not a Buzz number.
Explanation:
13 is neither divisible by 7 nor does it end with 7.
?[1;31m
Start test 20?[0m
Enter a natural number:
> 14
This number is Even.
It is a Buzz number.
Explanation:
14 is divisible by 7.
?[1;31m
Start test 21?[0m
Enter a natural number:
> 12490
This number is Even.
It is not a Buzz number.
Explanation:
12490 is neither divisible by 7 nor does it end with 7.
?[1;31m
Start test 22?[0m
Enter a natural number:
> 3536
This number is Even.
It is not a Buzz number.
Explanation:
3536 is neither divisible by 7 nor does it end with 7.
?[1;31m
Start test 23?[0m
Enter a natural number:
> 18771
This number is Odd.
It is not a Buzz number.
Explanation:
18771 is neither divisible by 7 nor does it end with 7.
?[1;31m
Start test 24?[0m
Enter a natural number:
> 10690
This number is Even.
It is not a Buzz number.
Explanation:
10690 is neither divisible by 7 nor does it end with 7.
?[1;31m
Start test 25?[0m
Enter a natural number:
> 9002
This number is Even.
It is a Buzz number.
Explanation:
9002 is divisible by 7.
?[1;31m
Start test 26?[0m
Enter a natural number:
> 19912
This number is Even.
It is not a Buzz number.
Explanation:
19912 is neither divisible by 7 nor does it end with 7.
?[1;31m
Start test 27?[0m
Enter a natural number:
> 10158
This number is Even.
It is not a Buzz number.
Explanation:
10158 is neither divisible by 7 nor does it end with 7.
?[1;31m
Start test 28?[0m
Enter a natural number:
> 6839
This number is Odd.
It is a Buzz number.
Explanation:
6839 is divisible by 7.
?[1;31m
Start test 29?[0m
Enter a natural number:
> 30362
This number is Even.
It is not a Buzz number.
Explanation:
30362 is neither divisible by 7 nor does it end with 7.
?[1;31m
Start test 30?[0m
Enter a natural number:
> 6919
This number is Odd.
It is not a Buzz number.
Explanation:
6919 is neither divisible by 7 nor does it end with 7.
?[1;31m
Start test 31?[0m
Enter a natural number:
> 25511
This number is Odd.
It is not a Buzz number.
Explanation:
25511 is neither divisible by 7 nor does it end with 7.
?[1;31m
Start test 32?[0m
Enter a natural number:
> 11373
This number is Odd.
It is not a Buzz number.
Explanation:
11373 is neither divisible by 7 nor does it end with 7.
?[1;31m
Start test 33?[0m
Enter a natural number:
> 25616
This number is Even.
It is not a Buzz number.
Explanation:
25616 is neither divisible by 7 nor does it end with 7.
?[1;31m
Start test 34?[0m
Enter a natural number:
> 6044
This number is Even.
It is not a Buzz number.
Explanation:
6044 is neither divisible by 7 nor does it end with 7.
?[1;31m
Start test 35?[0m
Enter a natural number:
> 10346
This number is Even.
It is a Buzz number.
Explanation:
10346 is divisible by 7.
?[1;31m
Start test 36?[0m
Enter a natural number:
> 16430
This number is Even.
It is not a Buzz number.
Explanation:
16430 is neither divisible by 7 nor does it end with 7.
?[1;31m
Start test 37?[0m
Enter a natural number:
> 14314
This number is Even.
It is not a Buzz number.
Explanation:
14314 is neither divisible by 7 nor does it end with 7.
?[1;31m
Start test 38?[0m
Enter a natural number:
> 6913
This number is Odd.
It is not a Buzz number.
Explanation:
6913 is neither divisible by 7 nor does it end with 7.
?[1;31m
Start test 39?[0m
Enter a natural number:
> 29526
This number is Even.
It is a Buzz number.
Explanation:
29526 is divisible by 7.
?[1;31m
Start test 40?[0m
Enter a natural number:
> 16473
This number is Odd.
It is not a Buzz number.
Explanation:
16473 is neither divisible by 7 nor does it end with 7.
]]></system-out>
  <system-err><![CDATA[]]></system-err>
</testsuite>
