<?xml version="1.0" encoding="UTF-8"?>
<testsuite name="NumbersTest" tests="1" skipped="0" failures="0" errors="0" timestamp="2022-02-26T23:54:16" hostname="ZSHWRW001872" time="5.17">
  <properties/>
  <testcase name="start" classname="NumbersTest" time="5.17"/>
  <system-out><![CDATA[?[1;31m
Start test 1?[0m
Welcome to Amazing Numbers!

Supported requests:
- enter a natural number to know its properties;
- enter two natural numbers to obtain the properties of the list:
  * the first parameter represents a starting number;
  * the second parameter shows how many consecutive numbers are to be printed;
- two natural numbers and properties to search for;
- a property preceded by minus must not be present in numbers;
- separate the parameters with one space;
- enter 0 to exit.


Enter a request: > 0

Goodbye!
?[1;31m
Start test 2?[0m
Welcome to Amazing Numbers!

Supported requests:
- enter a natural number to know its properties;
- enter two natural numbers to obtain the properties of the list:
  * the first parameter represents a starting number;
  * the second parameter shows how many consecutive numbers are to be printed;
- two natural numbers and properties to search for;
- a property preceded by minus must not be present in numbers;
- separate the parameters with one space;
- enter 0 to exit.


Enter a request: > -76
The first parameter should be a natural number or zero.

Enter a request: > 0

Goodbye!
?[1;31m
Start test 3?[0m
Welcome to Amazing Numbers!

Supported requests:
- enter a natural number to know its properties;
- enter two natural numbers to obtain the properties of the list:
  * the first parameter represents a starting number;
  * the second parameter shows how many consecutive numbers are to be printed;
- two natural numbers and properties to search for;
- a property preceded by minus must not be present in numbers;
- separate the parameters with one space;
- enter 0 to exit.


Enter a request: > -116
The first parameter should be a natural number or zero.

Enter a request: > 0

Goodbye!
?[1;31m
Start test 4?[0m
Welcome to Amazing Numbers!

Supported requests:
- enter a natural number to know its properties;
- enter two natural numbers to obtain the properties of the list:
  * the first parameter represents a starting number;
  * the second parameter shows how many consecutive numbers are to be printed;
- two natural numbers and properties to search for;
- a property preceded by minus must not be present in numbers;
- separate the parameters with one space;
- enter 0 to exit.


Enter a request: > -14
The first parameter should be a natural number or zero.

Enter a request: > 0

Goodbye!
?[1;31m
Start test 5?[0m
Welcome to Amazing Numbers!

Supported requests:
- enter a natural number to know its properties;
- enter two natural numbers to obtain the properties of the list:
  * the first parameter represents a starting number;
  * the second parameter shows how many consecutive numbers are to be printed;
- two natural numbers and properties to search for;
- a property preceded by minus must not be present in numbers;
- separate the parameters with one space;
- enter 0 to exit.


Enter a request: > -109
The first parameter should be a natural number or zero.

Enter a request: > 0

Goodbye!
?[1;31m
Start test 6?[0m
Welcome to Amazing Numbers!

Supported requests:
- enter a natural number to know its properties;
- enter two natural numbers to obtain the properties of the list:
  * the first parameter represents a starting number;
  * the second parameter shows how many consecutive numbers are to be printed;
- two natural numbers and properties to search for;
- a property preceded by minus must not be present in numbers;
- separate the parameters with one space;
- enter 0 to exit.


Enter a request: > -15
The first parameter should be a natural number or zero.

Enter a request: > 0

Goodbye!
?[1;31m
Start test 7?[0m
Welcome to Amazing Numbers!

Supported requests:
- enter a natural number to know its properties;
- enter two natural numbers to obtain the properties of the list:
  * the first parameter represents a starting number;
  * the second parameter shows how many consecutive numbers are to be printed;
- two natural numbers and properties to search for;
- a property preceded by minus must not be present in numbers;
- separate the parameters with one space;
- enter 0 to exit.


Enter a request: > 8331 -24927
The second parameter should be a natural number.

Enter a request: > 0

Goodbye!
?[1;31m
Start test 8?[0m
Welcome to Amazing Numbers!

Supported requests:
- enter a natural number to know its properties;
- enter two natural numbers to obtain the properties of the list:
  * the first parameter represents a starting number;
  * the second parameter shows how many consecutive numbers are to be printed;
- two natural numbers and properties to search for;
- a property preceded by minus must not be present in numbers;
- separate the parameters with one space;
- enter 0 to exit.


Enter a request: > 7765 -15567
The second parameter should be a natural number.

Enter a request: > 0

Goodbye!
?[1;31m
Start test 9?[0m
Welcome to Amazing Numbers!

Supported requests:
- enter a natural number to know its properties;
- enter two natural numbers to obtain the properties of the list:
  * the first parameter represents a starting number;
  * the second parameter shows how many consecutive numbers are to be printed;
- two natural numbers and properties to search for;
- a property preceded by minus must not be present in numbers;
- separate the parameters with one space;
- enter 0 to exit.


Enter a request: > 30376 -22791
The second parameter should be a natural number.

Enter a request: > 0

Goodbye!
?[1;31m
Start test 10?[0m
Welcome to Amazing Numbers!

Supported requests:
- enter a natural number to know its properties;
- enter two natural numbers to obtain the properties of the list:
  * the first parameter represents a starting number;
  * the second parameter shows how many consecutive numbers are to be printed;
- two natural numbers and properties to search for;
- a property preceded by minus must not be present in numbers;
- separate the parameters with one space;
- enter 0 to exit.


Enter a request: > 19511 -3141
The second parameter should be a natural number.

Enter a request: > 0

Goodbye!
?[1;31m
Start test 11?[0m
Welcome to Amazing Numbers!

Supported requests:
- enter a natural number to know its properties;
- enter two natural numbers to obtain the properties of the list:
  * the first parameter represents a starting number;
  * the second parameter shows how many consecutive numbers are to be printed;
- two natural numbers and properties to search for;
- a property preceded by minus must not be present in numbers;
- separate the parameters with one space;
- enter 0 to exit.


Enter a request: > 15938 -12330
The second parameter should be a natural number.

Enter a request: > 0

Goodbye!
?[1;31m
Start test 12?[0m
Welcome to Amazing Numbers!

Supported requests:
- enter a natural number to know its properties;
- enter two natural numbers to obtain the properties of the list:
  * the first parameter represents a starting number;
  * the second parameter shows how many consecutive numbers are to be printed;
- two natural numbers and properties to search for;
- a property preceded by minus must not be present in numbers;
- separate the parameters with one space;
- enter 0 to exit.


Enter a request: > 5312 -3570
The second parameter should be a natural number.

Enter a request: > 0

Goodbye!
?[1;31m
Start test 13?[0m
Welcome to Amazing Numbers!

Supported requests:
- enter a natural number to know its properties;
- enter two natural numbers to obtain the properties of the list:
  * the first parameter represents a starting number;
  * the second parameter shows how many consecutive numbers are to be printed;
- two natural numbers and properties to search for;
- a property preceded by minus must not be present in numbers;
- separate the parameters with one space;
- enter 0 to exit.


Enter a request: > 1183 -28132
The second parameter should be a natural number.

Enter a request: > 0

Goodbye!
?[1;31m
Start test 14?[0m
Welcome to Amazing Numbers!

Supported requests:
- enter a natural number to know its properties;
- enter two natural numbers to obtain the properties of the list:
  * the first parameter represents a starting number;
  * the second parameter shows how many consecutive numbers are to be printed;
- two natural numbers and properties to search for;
- a property preceded by minus must not be present in numbers;
- separate the parameters with one space;
- enter 0 to exit.


Enter a request: > 9379 -31332
The second parameter should be a natural number.

Enter a request: > 0

Goodbye!
?[1;31m
Start test 15?[0m
Welcome to Amazing Numbers!

Supported requests:
- enter a natural number to know its properties;
- enter two natural numbers to obtain the properties of the list:
  * the first parameter represents a starting number;
  * the second parameter shows how many consecutive numbers are to be printed;
- two natural numbers and properties to search for;
- a property preceded by minus must not be present in numbers;
- separate the parameters with one space;
- enter 0 to exit.


Enter a request: > 18698 -13855
The second parameter should be a natural number.

Enter a request: > 0

Goodbye!
?[1;31m
Start test 16?[0m
Welcome to Amazing Numbers!

Supported requests:
- enter a natural number to know its properties;
- enter two natural numbers to obtain the properties of the list:
  * the first parameter represents a starting number;
  * the second parameter shows how many consecutive numbers are to be printed;
- two natural numbers and properties to search for;
- a property preceded by minus must not be present in numbers;
- separate the parameters with one space;
- enter 0 to exit.


Enter a request: > 11474 -15425
The second parameter should be a natural number.

Enter a request: > 0

Goodbye!
?[1;31m
Start test 17?[0m
Welcome to Amazing Numbers!

Supported requests:
- enter a natural number to know its properties;
- enter two natural numbers to obtain the properties of the list:
  * the first parameter represents a starting number;
  * the second parameter shows how many consecutive numbers are to be printed;
- two natural numbers and properties to search for;
- a property preceded by minus must not be present in numbers;
- separate the parameters with one space;
- enter 0 to exit.


Enter a request: > 1

Properties of 1
	even: false
	odd: true
	duck: false
	buzz: false
	palindromic: true
	gapful: false
	spy: true
	sunny: false
	square: true
	jumping: true
	happy: true
	sad: false

Enter a request: > 2

Properties of 2
	even: true
	odd: false
	duck: false
	buzz: false
	palindromic: true
	gapful: false
	spy: true
	sunny: false
	square: false
	jumping: true
	happy: false
	sad: true

Enter a request: > 3

Properties of 3
	even: false
	odd: true
	duck: false
	buzz: false
	palindromic: true
	gapful: false
	spy: true
	sunny: true
	square: false
	jumping: true
	happy: false
	sad: true

Enter a request: > 4

Properties of 4
	even: true
	odd: false
	duck: false
	buzz: false
	palindromic: true
	gapful: false
	spy: true
	sunny: false
	square: true
	jumping: true
	happy: false
	sad: true

Enter a request: > 5

Properties of 5
	even: false
	odd: true
	duck: false
	buzz: false
	palindromic: true
	gapful: false
	spy: true
	sunny: false
	square: false
	jumping: true
	happy: false
	sad: true

Enter a request: > 6

Properties of 6
	even: true
	odd: false
	duck: false
	buzz: false
	palindromic: true
	gapful: false
	spy: true
	sunny: false
	square: false
	jumping: true
	happy: false
	sad: true

Enter a request: > 7

Properties of 7
	even: false
	odd: true
	duck: false
	buzz: true
	palindromic: true
	gapful: false
	spy: true
	sunny: false
	square: false
	jumping: true
	happy: true
	sad: false

Enter a request: > 8

Properties of 8
	even: true
	odd: false
	duck: false
	buzz: false
	palindromic: true
	gapful: false
	spy: true
	sunny: true
	square: false
	jumping: true
	happy: false
	sad: true

Enter a request: > 9

Properties of 9
	even: false
	odd: true
	duck: false
	buzz: false
	palindromic: true
	gapful: false
	spy: true
	sunny: false
	square: true
	jumping: true
	happy: false
	sad: true

Enter a request: > 10

Properties of 10
	even: true
	odd: false
	duck: true
	buzz: false
	palindromic: false
	gapful: false
	spy: false
	sunny: false
	square: false
	jumping: true
	happy: true
	sad: false

Enter a request: > 11

Properties of 11
	even: false
	odd: true
	duck: false
	buzz: false
	palindromic: true
	gapful: false
	spy: false
	sunny: false
	square: false
	jumping: false
	happy: false
	sad: true

Enter a request: > 12

Properties of 12
	even: true
	odd: false
	duck: false
	buzz: false
	palindromic: false
	gapful: false
	spy: false
	sunny: false
	square: false
	jumping: true
	happy: false
	sad: true

Enter a request: > 13

Properties of 13
	even: false
	odd: true
	duck: false
	buzz: false
	palindromic: false
	gapful: false
	spy: false
	sunny: false
	square: false
	jumping: false
	happy: true
	sad: false

Enter a request: > 14

Properties of 14
	even: true
	odd: false
	duck: false
	buzz: true
	palindromic: false
	gapful: false
	spy: false
	sunny: false
	square: false
	jumping: false
	happy: false
	sad: true

Enter a request: > 1289814312171766222

Properties of 1289814312171766222
	even: true
	odd: false
	duck: false
	buzz: false
	palindromic: false
	gapful: false
	spy: false
	sunny: false
	square: false
	jumping: false
	happy: false
	sad: true

Enter a request: > 2655461813612232265

Properties of 2655461813612232265
	even: false
	odd: true
	duck: false
	buzz: false
	palindromic: false
	gapful: false
	spy: false
	sunny: false
	square: false
	jumping: false
	happy: false
	sad: true

Enter a request: > 9208981683525994035

Properties of 9208981683525994035
	even: false
	odd: true
	duck: true
	buzz: false
	palindromic: false
	gapful: false
	spy: false
	sunny: false
	square: false
	jumping: false
	happy: false
	sad: true

Enter a request: > 4720811106215583795

Properties of 4720811106215583795
	even: false
	odd: true
	duck: true
	buzz: false
	palindromic: false
	gapful: false
	spy: false
	sunny: false
	square: false
	jumping: false
	happy: false
	sad: true

Enter a request: > 2226483792571533584

Properties of 2226483792571533584
	even: true
	odd: false
	duck: false
	buzz: false
	palindromic: false
	gapful: false
	spy: false
	sunny: false
	square: false
	jumping: false
	happy: false
	sad: true

Enter a request: > 6000194452722215159

Properties of 6000194452722215159
	even: false
	odd: true
	duck: true
	buzz: false
	palindromic: false
	gapful: false
	spy: false
	sunny: false
	square: false
	jumping: false
	happy: false
	sad: true

Enter a request: > 7087454509140783527

Properties of 7087454509140783527
	even: false
	odd: true
	duck: true
	buzz: true
	palindromic: false
	gapful: false
	spy: false
	sunny: false
	square: false
	jumping: false
	happy: false
	sad: true

Enter a request: > 1325896692335963985

Properties of 1325896692335963985
	even: false
	odd: true
	duck: false
	buzz: false
	palindromic: false
	gapful: true
	spy: false
	sunny: false
	square: false
	jumping: false
	happy: true
	sad: false

Enter a request: > 4662824297748208688

Properties of 4662824297748208688
	even: true
	odd: false
	duck: true
	buzz: false
	palindromic: false
	gapful: false
	spy: false
	sunny: false
	square: false
	jumping: false
	happy: true
	sad: false

Enter a request: > 3723064285232679378

Properties of 3723064285232679378
	even: true
	odd: false
	duck: true
	buzz: false
	palindromic: false
	gapful: false
	spy: false
	sunny: false
	square: false
	jumping: false
	happy: false
	sad: true

Enter a request: > 0

Goodbye!
?[1;31m
Start test 18?[0m
Welcome to Amazing Numbers!

Supported requests:
- enter a natural number to know its properties;
- enter two natural numbers to obtain the properties of the list:
  * the first parameter represents a starting number;
  * the second parameter shows how many consecutive numbers are to be printed;
- two natural numbers and properties to search for;
- a property preceded by minus must not be present in numbers;
- separate the parameters with one space;
- enter 0 to exit.


Enter a request: > 1 15
1 is palindromic, spy, square, jumping, happy, odd
2 is palindromic, spy, jumping, sad, even
3 is palindromic, spy, sunny, jumping, sad, odd
4 is palindromic, spy, square, jumping, sad, even
5 is palindromic, spy, jumping, sad, odd
6 is palindromic, spy, jumping, sad, even
7 is buzz, palindromic, spy, jumping, happy, odd
8 is palindromic, spy, sunny, jumping, sad, even
9 is palindromic, spy, square, jumping, sad, odd
10 is duck, jumping, happy, even
11 is palindromic, sad, odd
12 is jumping, sad, even
13 is happy, odd
14 is buzz, sad, even
15 is sunny, sad, odd

Enter a request: > 0

Goodbye!
?[1;31m
Start test 19?[0m
Welcome to Amazing Numbers!

Supported requests:
- enter a natural number to know its properties;
- enter two natural numbers to obtain the properties of the list:
  * the first parameter represents a starting number;
  * the second parameter shows how many consecutive numbers are to be printed;
- two natural numbers and properties to search for;
- a property preceded by minus must not be present in numbers;
- separate the parameters with one space;
- enter 0 to exit.


Enter a request: > 8316422788174232477 10
8316422788174232477 is buzz, sad, odd
8316422788174232478 is sad, even
8316422788174232479 is sad, odd
8316422788174232480 is duck, buzz, gapful, sad, even
8316422788174232481 is sad, odd
8316422788174232482 is happy, even
8316422788174232483 is sad, odd
8316422788174232484 is happy, even
8316422788174232485 is gapful, sad, odd
8316422788174232486 is sad, even

Enter a request: > 0

Goodbye!
?[1;31m
Start test 20?[0m
Welcome to Amazing Numbers!

Supported requests:
- enter a natural number to know its properties;
- enter two natural numbers to obtain the properties of the list:
  * the first parameter represents a starting number;
  * the second parameter shows how many consecutive numbers are to be printed;
- two natural numbers and properties to search for;
- a property preceded by minus must not be present in numbers;
- separate the parameters with one space;
- enter 0 to exit.


Enter a request: > 5086163213956393942 8
5086163213956393942 is duck, sad, even
5086163213956393943 is duck, sad, odd
5086163213956393944 is duck, sad, even
5086163213956393945 is duck, sad, odd
5086163213956393946 is duck, sad, even
5086163213956393947 is duck, buzz, sad, odd
5086163213956393948 is duck, sad, even
5086163213956393949 is duck, sad, odd

Enter a request: > 0

Goodbye!
?[1;31m
Start test 21?[0m
Welcome to Amazing Numbers!

Supported requests:
- enter a natural number to know its properties;
- enter two natural numbers to obtain the properties of the list:
  * the first parameter represents a starting number;
  * the second parameter shows how many consecutive numbers are to be printed;
- two natural numbers and properties to search for;
- a property preceded by minus must not be present in numbers;
- separate the parameters with one space;
- enter 0 to exit.


Enter a request: > 4846413413082154251 9
4846413413082154251 is duck, sad, odd
4846413413082154252 is duck, sad, even
4846413413082154253 is duck, sad, odd
4846413413082154254 is duck, sad, even
4846413413082154255 is duck, sad, odd
4846413413082154256 is duck, buzz, sad, even
4846413413082154257 is duck, buzz, sad, odd
4846413413082154258 is duck, sad, even
4846413413082154259 is duck, happy, odd

Enter a request: > 0

Goodbye!
?[1;31m
Start test 22?[0m
Welcome to Amazing Numbers!

Supported requests:
- enter a natural number to know its properties;
- enter two natural numbers to obtain the properties of the list:
  * the first parameter represents a starting number;
  * the second parameter shows how many consecutive numbers are to be printed;
- two natural numbers and properties to search for;
- a property preceded by minus must not be present in numbers;
- separate the parameters with one space;
- enter 0 to exit.


Enter a request: > 5102011266552901268 5
5102011266552901268 is duck, sad, even
5102011266552901269 is duck, gapful, happy, odd
5102011266552901270 is duck, sad, even
5102011266552901271 is duck, sad, odd
5102011266552901272 is duck, gapful, happy, even

Enter a request: > 0

Goodbye!
?[1;31m
Start test 23?[0m
Welcome to Amazing Numbers!

Supported requests:
- enter a natural number to know its properties;
- enter two natural numbers to obtain the properties of the list:
  * the first parameter represents a starting number;
  * the second parameter shows how many consecutive numbers are to be printed;
- two natural numbers and properties to search for;
- a property preceded by minus must not be present in numbers;
- separate the parameters with one space;
- enter 0 to exit.


Enter a request: > 1593450242786140382 11
1593450242786140382 is duck, buzz, sad, even
1593450242786140383 is duck, sad, odd
1593450242786140384 is duck, sad, even
1593450242786140385 is duck, sad, odd
1593450242786140386 is duck, sad, even
1593450242786140387 is duck, buzz, happy, odd
1593450242786140388 is duck, sad, even
1593450242786140389 is duck, buzz, sad, odd
1593450242786140390 is duck, gapful, sad, even
1593450242786140391 is duck, sad, odd
1593450242786140392 is duck, gapful, sad, even

Enter a request: > 0

Goodbye!
?[1;31m
Start test 24?[0m
Welcome to Amazing Numbers!

Supported requests:
- enter a natural number to know its properties;
- enter two natural numbers to obtain the properties of the list:
  * the first parameter represents a starting number;
  * the second parameter shows how many consecutive numbers are to be printed;
- two natural numbers and properties to search for;
- a property preceded by minus must not be present in numbers;
- separate the parameters with one space;
- enter 0 to exit.


Enter a request: > 7304498846456718001 17
7304498846456718001 is duck, sad, odd
7304498846456718002 is duck, sad, even
7304498846456718003 is duck, sad, odd
7304498846456718004 is duck, buzz, sad, even
7304498846456718005 is duck, sad, odd
7304498846456718006 is duck, sad, even
7304498846456718007 is duck, buzz, sad, odd
7304498846456718008 is duck, sad, even
7304498846456718009 is duck, happy, odd
7304498846456718010 is duck, sad, even
7304498846456718011 is duck, buzz, sad, odd
7304498846456718012 is duck, sad, even
7304498846456718013 is duck, sad, odd
7304498846456718014 is duck, sad, even
7304498846456718015 is duck, sad, odd
7304498846456718016 is duck, sad, even
7304498846456718017 is duck, buzz, sad, odd

Enter a request: > 0

Goodbye!
?[1;31m
Start test 25?[0m
Welcome to Amazing Numbers!

Supported requests:
- enter a natural number to know its properties;
- enter two natural numbers to obtain the properties of the list:
  * the first parameter represents a starting number;
  * the second parameter shows how many consecutive numbers are to be printed;
- two natural numbers and properties to search for;
- a property preceded by minus must not be present in numbers;
- separate the parameters with one space;
- enter 0 to exit.


Enter a request: > 6191126746733236247 19
6191126746733236247 is buzz, happy, odd
6191126746733236248 is sad, even
6191126746733236249 is happy, odd
6191126746733236250 is duck, sad, even
6191126746733236251 is sad, odd
6191126746733236252 is buzz, sad, even
6191126746733236253 is sad, odd
6191126746733236254 is sad, even
6191126746733236255 is sad, odd
6191126746733236256 is sad, even
6191126746733236257 is buzz, sad, odd
6191126746733236258 is sad, even
6191126746733236259 is buzz, happy, odd
6191126746733236260 is duck, gapful, sad, even
6191126746733236261 is sad, odd
6191126746733236262 is sad, even
6191126746733236263 is sad, odd
6191126746733236264 is sad, even
6191126746733236265 is sad, odd

Enter a request: > 0

Goodbye!
?[1;31m
Start test 26?[0m
Welcome to Amazing Numbers!

Supported requests:
- enter a natural number to know its properties;
- enter two natural numbers to obtain the properties of the list:
  * the first parameter represents a starting number;
  * the second parameter shows how many consecutive numbers are to be printed;
- two natural numbers and properties to search for;
- a property preceded by minus must not be present in numbers;
- separate the parameters with one space;
- enter 0 to exit.


Enter a request: > 7340511805868717143 5
7340511805868717143 is duck, sad, odd
7340511805868717144 is duck, sad, even
7340511805868717145 is duck, sad, odd
7340511805868717146 is duck, sad, even
7340511805868717147 is duck, buzz, sad, odd

Enter a request: > 0

Goodbye!
?[1;31m
Start test 27?[0m
Welcome to Amazing Numbers!

Supported requests:
- enter a natural number to know its properties;
- enter two natural numbers to obtain the properties of the list:
  * the first parameter represents a starting number;
  * the second parameter shows how many consecutive numbers are to be printed;
- two natural numbers and properties to search for;
- a property preceded by minus must not be present in numbers;
- separate the parameters with one space;
- enter 0 to exit.


Enter a request: > 7761321243628409916 2
7761321243628409916 is duck, sad, even
7761321243628409917 is duck, buzz, sad, odd

Enter a request: > 0

Goodbye!
?[1;31m
Start test 28?[0m
Welcome to Amazing Numbers!

Supported requests:
- enter a natural number to know its properties;
- enter two natural numbers to obtain the properties of the list:
  * the first parameter represents a starting number;
  * the second parameter shows how many consecutive numbers are to be printed;
- two natural numbers and properties to search for;
- a property preceded by minus must not be present in numbers;
- separate the parameters with one space;
- enter 0 to exit.


Enter a request: > 9153298507959723894 6
9153298507959723894 is duck, buzz, sad, even
9153298507959723895 is duck, sad, odd
9153298507959723896 is duck, sad, even
9153298507959723897 is duck, buzz, sad, odd
9153298507959723898 is duck, sad, even
9153298507959723899 is duck, sad, odd

Enter a request: > 0

Goodbye!
?[1;31m
Start test 29?[0m
Welcome to Amazing Numbers!

Supported requests:
- enter a natural number to know its properties;
- enter two natural numbers to obtain the properties of the list:
  * the first parameter represents a starting number;
  * the second parameter shows how many consecutive numbers are to be printed;
- two natural numbers and properties to search for;
- a property preceded by minus must not be present in numbers;
- separate the parameters with one space;
- enter 0 to exit.


Enter a request: > 1 10 May
The property [MAY] is wrong.
Available properties: [EVEN, ODD, BUZZ, DUCK, PALINDROMIC, GAPFUL, SPY, SQUARE, SUNNY, JUMPING, HAPPY, SAD]

Enter a request: > 0

Goodbye!
?[1;31m
Start test 30?[0m
Welcome to Amazing Numbers!

Supported requests:
- enter a natural number to know its properties;
- enter two natural numbers to obtain the properties of the list:
  * the first parameter represents a starting number;
  * the second parameter shows how many consecutive numbers are to be printed;
- two natural numbers and properties to search for;
- a property preceded by minus must not be present in numbers;
- separate the parameters with one space;
- enter 0 to exit.


Enter a request: > 40 2 bay
The property [BAY] is wrong.
Available properties: [EVEN, ODD, BUZZ, DUCK, PALINDROMIC, GAPFUL, SPY, SQUARE, SUNNY, JUMPING, HAPPY, SAD]

Enter a request: > 0

Goodbye!
?[1;31m
Start test 31?[0m
Welcome to Amazing Numbers!

Supported requests:
- enter a natural number to know its properties;
- enter two natural numbers to obtain the properties of the list:
  * the first parameter represents a starting number;
  * the second parameter shows how many consecutive numbers are to be printed;
- two natural numbers and properties to search for;
- a property preceded by minus must not be present in numbers;
- separate the parameters with one space;
- enter 0 to exit.


Enter a request: > 37 4 8
The property [8] is wrong.
Available properties: [EVEN, ODD, BUZZ, DUCK, PALINDROMIC, GAPFUL, SPY, SQUARE, SUNNY, JUMPING, HAPPY, SAD]

Enter a request: > 0

Goodbye!
?[1;31m
Start test 32?[0m
Welcome to Amazing Numbers!

Supported requests:
- enter a natural number to know its properties;
- enter two natural numbers to obtain the properties of the list:
  * the first parameter represents a starting number;
  * the second parameter shows how many consecutive numbers are to be printed;
- two natural numbers and properties to search for;
- a property preceded by minus must not be present in numbers;
- separate the parameters with one space;
- enter 0 to exit.


Enter a request: > 67 2 day
The property [DAY] is wrong.
Available properties: [EVEN, ODD, BUZZ, DUCK, PALINDROMIC, GAPFUL, SPY, SQUARE, SUNNY, JUMPING, HAPPY, SAD]

Enter a request: > 0

Goodbye!
?[1;31m
Start test 33?[0m
Welcome to Amazing Numbers!

Supported requests:
- enter a natural number to know its properties;
- enter two natural numbers to obtain the properties of the list:
  * the first parameter represents a starting number;
  * the second parameter shows how many consecutive numbers are to be printed;
- two natural numbers and properties to search for;
- a property preceded by minus must not be present in numbers;
- separate the parameters with one space;
- enter 0 to exit.


Enter a request: > 2 54 Prime
The property [PRIME] is wrong.
Available properties: [EVEN, ODD, BUZZ, DUCK, PALINDROMIC, GAPFUL, SPY, SQUARE, SUNNY, JUMPING, HAPPY, SAD]

Enter a request: > 0

Goodbye!
?[1;31m
Start test 34?[0m
Welcome to Amazing Numbers!

Supported requests:
- enter a natural number to know its properties;
- enter two natural numbers to obtain the properties of the list:
  * the first parameter represents a starting number;
  * the second parameter shows how many consecutive numbers are to be printed;
- two natural numbers and properties to search for;
- a property preceded by minus must not be present in numbers;
- separate the parameters with one space;
- enter 0 to exit.


Enter a request: > 6 8 ...
The property [...] is wrong.
Available properties: [EVEN, ODD, BUZZ, DUCK, PALINDROMIC, GAPFUL, SPY, SQUARE, SUNNY, JUMPING, HAPPY, SAD]

Enter a request: > 0

Goodbye!
?[1;31m
Start test 35?[0m
Welcome to Amazing Numbers!

Supported requests:
- enter a natural number to know its properties;
- enter two natural numbers to obtain the properties of the list:
  * the first parameter represents a starting number;
  * the second parameter shows how many consecutive numbers are to be printed;
- two natural numbers and properties to search for;
- a property preceded by minus must not be present in numbers;
- separate the parameters with one space;
- enter 0 to exit.


Enter a request: > 5 9 none
The property [NONE] is wrong.
Available properties: [EVEN, ODD, BUZZ, DUCK, PALINDROMIC, GAPFUL, SPY, SQUARE, SUNNY, JUMPING, HAPPY, SAD]

Enter a request: > 0

Goodbye!
?[1;31m
Start test 36?[0m
Welcome to Amazing Numbers!

Supported requests:
- enter a natural number to know its properties;
- enter two natural numbers to obtain the properties of the list:
  * the first parameter represents a starting number;
  * the second parameter shows how many consecutive numbers are to be printed;
- two natural numbers and properties to search for;
- a property preceded by minus must not be present in numbers;
- separate the parameters with one space;
- enter 0 to exit.


Enter a request: > 1 10 EVEN
2 is palindromic, spy, jumping, sad, even
4 is palindromic, spy, square, jumping, sad, even
6 is palindromic, spy, jumping, sad, even
8 is palindromic, spy, sunny, jumping, sad, even
10 is duck, jumping, happy, even
12 is jumping, sad, even
14 is buzz, sad, even
16 is square, sad, even
18 is sad, even
20 is duck, sad, even

Enter a request: > 1 10 ODD
1 is palindromic, spy, square, jumping, happy, odd
3 is palindromic, spy, sunny, jumping, sad, odd
5 is palindromic, spy, jumping, sad, odd
7 is buzz, palindromic, spy, jumping, happy, odd
9 is palindromic, spy, square, jumping, sad, odd
11 is palindromic, sad, odd
13 is happy, odd
15 is sunny, sad, odd
17 is buzz, sad, odd
19 is happy, odd

Enter a request: > 1 10 BUZZ
7 is buzz, palindromic, spy, jumping, happy, odd
14 is buzz, sad, even
17 is buzz, sad, odd
21 is buzz, jumping, sad, odd
27 is buzz, sad, odd
28 is buzz, happy, even
35 is buzz, sunny, sad, odd
37 is buzz, sad, odd
42 is buzz, sad, even
47 is buzz, sad, odd

Enter a request: > 1 10 DUCK
10 is duck, jumping, happy, even
20 is duck, sad, even
30 is duck, sad, even
40 is duck, sad, even
50 is duck, sad, even
60 is duck, sad, even
70 is duck, buzz, happy, even
80 is duck, sunny, sad, even
90 is duck, sad, even
100 is duck, gapful, square, happy, even

Enter a request: > 1 10 PALINDROMIC
1 is palindromic, spy, square, jumping, happy, odd
2 is palindromic, spy, jumping, sad, even
3 is palindromic, spy, sunny, jumping, sad, odd
4 is palindromic, spy, square, jumping, sad, even
5 is palindromic, spy, jumping, sad, odd
6 is palindromic, spy, jumping, sad, even
7 is buzz, palindromic, spy, jumping, happy, odd
8 is palindromic, spy, sunny, jumping, sad, even
9 is palindromic, spy, square, jumping, sad, odd
11 is palindromic, sad, odd

Enter a request: > 1 10 GAPFUL
100 is duck, gapful, square, happy, even
105 is duck, buzz, gapful, sad, odd
108 is duck, gapful, sad, even
110 is duck, gapful, sad, even
120 is duck, gapful, sunny, sad, even
121 is palindromic, gapful, square, jumping, sad, odd
130 is duck, gapful, happy, even
132 is gapful, spy, sad, even
135 is gapful, sad, odd
140 is duck, buzz, gapful, sad, even

Enter a request: > 1 10 SPY
1 is palindromic, spy, square, jumping, happy, odd
2 is palindromic, spy, jumping, sad, even
3 is palindromic, spy, sunny, jumping, sad, odd
4 is palindromic, spy, square, jumping, sad, even
5 is palindromic, spy, jumping, sad, odd
6 is palindromic, spy, jumping, sad, even
7 is buzz, palindromic, spy, jumping, happy, odd
8 is palindromic, spy, sunny, jumping, sad, even
9 is palindromic, spy, square, jumping, sad, odd
22 is palindromic, spy, sad, even

Enter a request: > 1 10 SQUARE
1 is palindromic, spy, square, jumping, happy, odd
4 is palindromic, spy, square, jumping, sad, even
9 is palindromic, spy, square, jumping, sad, odd
16 is square, sad, even
25 is square, sad, odd
36 is square, sad, even
49 is buzz, square, happy, odd
64 is square, sad, even
81 is square, sad, odd
100 is duck, gapful, square, happy, even

Enter a request: > 1 10 SUNNY
3 is palindromic, spy, sunny, jumping, sad, odd
8 is palindromic, spy, sunny, jumping, sad, even
15 is sunny, sad, odd
24 is sunny, sad, even
35 is buzz, sunny, sad, odd
48 is sunny, sad, even
63 is buzz, sunny, sad, odd
80 is duck, sunny, sad, even
99 is palindromic, sunny, sad, odd
120 is duck, gapful, sunny, sad, even

Enter a request: > 1 10 JUMPING
1 is palindromic, spy, square, jumping, happy, odd
2 is palindromic, spy, jumping, sad, even
3 is palindromic, spy, sunny, jumping, sad, odd
4 is palindromic, spy, square, jumping, sad, even
5 is palindromic, spy, jumping, sad, odd
6 is palindromic, spy, jumping, sad, even
7 is buzz, palindromic, spy, jumping, happy, odd
8 is palindromic, spy, sunny, jumping, sad, even
9 is palindromic, spy, square, jumping, sad, odd
10 is duck, jumping, happy, even

Enter a request: > 1 10 HAPPY
1 is palindromic, spy, square, jumping, happy, odd
7 is buzz, palindromic, spy, jumping, happy, odd
10 is duck, jumping, happy, even
13 is happy, odd
19 is happy, odd
23 is jumping, happy, odd
28 is buzz, happy, even
31 is happy, odd
32 is jumping, happy, even
44 is palindromic, happy, even

Enter a request: > 1 10 SAD
2 is palindromic, spy, jumping, sad, even
3 is palindromic, spy, sunny, jumping, sad, odd
4 is palindromic, spy, square, jumping, sad, even
5 is palindromic, spy, jumping, sad, odd
6 is palindromic, spy, jumping, sad, even
8 is palindromic, spy, sunny, jumping, sad, even
9 is palindromic, spy, square, jumping, sad, odd
11 is palindromic, sad, odd
12 is jumping, sad, even
14 is buzz, sad, even

Enter a request: > 0

Goodbye!
?[1;31m
Start test 37?[0m
Welcome to Amazing Numbers!

Supported requests:
- enter a natural number to know its properties;
- enter two natural numbers to obtain the properties of the list:
  * the first parameter represents a starting number;
  * the second parameter shows how many consecutive numbers are to be printed;
- two natural numbers and properties to search for;
- a property preceded by minus must not be present in numbers;
- separate the parameters with one space;
- enter 0 to exit.


Enter a request: > 32297 18 SUNNY
32399 is sunny, sad, odd
32760 is duck, buzz, gapful, sunny, sad, even
33123 is sunny, happy, odd
33488 is buzz, sunny, sad, even
33855 is sunny, sad, odd
34224 is sunny, happy, even
34595 is sunny, sad, odd
34968 is sunny, sad, even
35343 is buzz, gapful, sunny, happy, odd
35720 is duck, sunny, sad, even
36099 is duck, buzz, sunny, sad, odd
36480 is duck, gapful, sunny, sad, even
36863 is palindromic, sunny, sad, odd
37248 is sunny, sad, even
37635 is sunny, sad, odd
38024 is duck, buzz, sunny, sad, even
38415 is sunny, sad, odd
38808 is duck, buzz, sunny, sad, even

Enter a request: > 0

Goodbye!
?[1;31m
Start test 38?[0m
Welcome to Amazing Numbers!

Supported requests:
- enter a natural number to know its properties;
- enter two natural numbers to obtain the properties of the list:
  * the first parameter represents a starting number;
  * the second parameter shows how many consecutive numbers are to be printed;
- two natural numbers and properties to search for;
- a property preceded by minus must not be present in numbers;
- separate the parameters with one space;
- enter 0 to exit.


Enter a request: > 15471 13 SPY
21115 is spy, happy, odd
21122 is spy, sad, even
21151 is spy, happy, odd
21212 is palindromic, spy, jumping, sad, even
21221 is spy, sad, odd
21511 is buzz, spy, happy, odd
22112 is spy, sad, even
22121 is spy, sad, odd
22211 is buzz, spy, sad, odd
25111 is spy, happy, odd
31113 is palindromic, spy, sad, odd
31131 is spy, sad, odd
31311 is buzz, spy, sad, odd

Enter a request: > 0

Goodbye!
?[1;31m
Start test 39?[0m
Welcome to Amazing Numbers!

Supported requests:
- enter a natural number to know its properties;
- enter two natural numbers to obtain the properties of the list:
  * the first parameter represents a starting number;
  * the second parameter shows how many consecutive numbers are to be printed;
- two natural numbers and properties to search for;
- a property preceded by minus must not be present in numbers;
- separate the parameters with one space;
- enter 0 to exit.


Enter a request: > 10469 20 ODD
10469 is duck, gapful, sad, odd
10471 is duck, sad, odd
10473 is duck, sad, odd
10475 is duck, happy, odd
10477 is duck, buzz, sad, odd
10479 is duck, buzz, sad, odd
10481 is duck, happy, odd
10483 is duck, sad, odd
10485 is duck, gapful, sad, odd
10487 is duck, buzz, happy, odd
10489 is duck, sad, odd
10491 is duck, sad, odd
10493 is duck, buzz, sad, odd
10495 is duck, sad, odd
10497 is duck, buzz, sad, odd
10499 is duck, sad, odd
10501 is duck, palindromic, sad, odd
10503 is duck, sad, odd
10505 is duck, sad, odd
10507 is duck, buzz, sad, odd

Enter a request: > 0

Goodbye!
?[1;31m
Start test 40?[0m
Welcome to Amazing Numbers!

Supported requests:
- enter a natural number to know its properties;
- enter two natural numbers to obtain the properties of the list:
  * the first parameter represents a starting number;
  * the second parameter shows how many consecutive numbers are to be printed;
- two natural numbers and properties to search for;
- a property preceded by minus must not be present in numbers;
- separate the parameters with one space;
- enter 0 to exit.


Enter a request: > 26883 5 PALINDROMIC
26962 is palindromic, sad, even
27072 is duck, palindromic, sad, even
27172 is palindromic, sad, even
27272 is buzz, palindromic, sad, even
27372 is palindromic, sad, even

Enter a request: > 0

Goodbye!
?[1;31m
Start test 41?[0m
Welcome to Amazing Numbers!

Supported requests:
- enter a natural number to know its properties;
- enter two natural numbers to obtain the properties of the list:
  * the first parameter represents a starting number;
  * the second parameter shows how many consecutive numbers are to be printed;
- two natural numbers and properties to search for;
- a property preceded by minus must not be present in numbers;
- separate the parameters with one space;
- enter 0 to exit.


Enter a request: > 3070 2 ODD
3071 is duck, sad, odd
3073 is duck, buzz, sad, odd

Enter a request: > 0

Goodbye!
?[1;31m
Start test 42?[0m
Welcome to Amazing Numbers!

Supported requests:
- enter a natural number to know its properties;
- enter two natural numbers to obtain the properties of the list:
  * the first parameter represents a starting number;
  * the second parameter shows how many consecutive numbers are to be printed;
- two natural numbers and properties to search for;
- a property preceded by minus must not be present in numbers;
- separate the parameters with one space;
- enter 0 to exit.


Enter a request: > 25364 10 ODD
25365 is sad, odd
25367 is buzz, sad, odd
25369 is sad, odd
25371 is sad, odd
25373 is sad, odd
25375 is buzz, gapful, sad, odd
25377 is buzz, sad, odd
25379 is sad, odd
25381 is happy, odd
25383 is sad, odd

Enter a request: > 0

Goodbye!
?[1;31m
Start test 43?[0m
Welcome to Amazing Numbers!

Supported requests:
- enter a natural number to know its properties;
- enter two natural numbers to obtain the properties of the list:
  * the first parameter represents a starting number;
  * the second parameter shows how many consecutive numbers are to be printed;
- two natural numbers and properties to search for;
- a property preceded by minus must not be present in numbers;
- separate the parameters with one space;
- enter 0 to exit.


Enter a request: > 27178 2 SUNNY
27224 is sunny, sad, even
27555 is sunny, sad, odd

Enter a request: > 0

Goodbye!
?[1;31m
Start test 44?[0m
Welcome to Amazing Numbers!

Supported requests:
- enter a natural number to know its properties;
- enter two natural numbers to obtain the properties of the list:
  * the first parameter represents a starting number;
  * the second parameter shows how many consecutive numbers are to be printed;
- two natural numbers and properties to search for;
- a property preceded by minus must not be present in numbers;
- separate the parameters with one space;
- enter 0 to exit.


Enter a request: > 9690 12 SAD
9690 is duck, sad, even
9691 is sad, odd
9692 is sad, even
9693 is sad, odd
9694 is sad, even
9695 is buzz, sad, odd
9696 is gapful, sad, even
9697 is buzz, sad, odd
9699 is sad, odd
9701 is duck, sad, odd
9702 is duck, buzz, sad, even
9704 is duck, sad, even

Enter a request: > 0

Goodbye!
?[1;31m
Start test 45?[0m
Welcome to Amazing Numbers!

Supported requests:
- enter a natural number to know its properties;
- enter two natural numbers to obtain the properties of the list:
  * the first parameter represents a starting number;
  * the second parameter shows how many consecutive numbers are to be printed;
- two natural numbers and properties to search for;
- a property preceded by minus must not be present in numbers;
- separate the parameters with one space;
- enter 0 to exit.


Enter a request: > 25866 4 BUZZ
25867 is buzz, sad, odd
25872 is buzz, gapful, sad, even
25877 is buzz, sad, odd
25879 is buzz, sad, odd

Enter a request: > 0

Goodbye!
?[1;31m
Start test 46?[0m
Welcome to Amazing Numbers!

Supported requests:
- enter a natural number to know its properties;
- enter two natural numbers to obtain the properties of the list:
  * the first parameter represents a starting number;
  * the second parameter shows how many consecutive numbers are to be printed;
- two natural numbers and properties to search for;
- a property preceded by minus must not be present in numbers;
- separate the parameters with one space;
- enter 0 to exit.


Enter a request: > 28916 13 PALINDROMIC
28982 is palindromic, sad, even
29092 is duck, buzz, palindromic, sad, even
29192 is palindromic, sad, even
29292 is palindromic, sad, even
29392 is palindromic, gapful, sad, even
29492 is palindromic, sad, even
29592 is palindromic, sad, even
29692 is palindromic, sad, even
29792 is buzz, palindromic, happy, even
29892 is palindromic, sad, even
29992 is palindromic, sad, even
30003 is duck, palindromic, sad, odd
30103 is duck, palindromic, happy, odd

Enter a request: > 0

Goodbye!
?[1;31m
Start test 47?[0m
Welcome to Amazing Numbers!

Supported requests:
- enter a natural number to know its properties;
- enter two natural numbers to obtain the properties of the list:
  * the first parameter represents a starting number;
  * the second parameter shows how many consecutive numbers are to be printed;
- two natural numbers and properties to search for;
- a property preceded by minus must not be present in numbers;
- separate the parameters with one space;
- enter 0 to exit.


Enter a request: > 1 10 odd girl
The property [GIRL] is wrong.
Available properties: [EVEN, ODD, BUZZ, DUCK, PALINDROMIC, GAPFUL, SPY, SQUARE, SUNNY, JUMPING, HAPPY, SAD]

Enter a request: > 0

Goodbye!
?[1;31m
Start test 48?[0m
Welcome to Amazing Numbers!

Supported requests:
- enter a natural number to know its properties;
- enter two natural numbers to obtain the properties of the list:
  * the first parameter represents a starting number;
  * the second parameter shows how many consecutive numbers are to be printed;
- two natural numbers and properties to search for;
- a property preceded by minus must not be present in numbers;
- separate the parameters with one space;
- enter 0 to exit.


Enter a request: > 40 2 even day
The property [DAY] is wrong.
Available properties: [EVEN, ODD, BUZZ, DUCK, PALINDROMIC, GAPFUL, SPY, SQUARE, SUNNY, JUMPING, HAPPY, SAD]

Enter a request: > 0

Goodbye!
?[1;31m
Start test 49?[0m
Welcome to Amazing Numbers!

Supported requests:
- enter a natural number to know its properties;
- enter two natural numbers to obtain the properties of the list:
  * the first parameter represents a starting number;
  * the second parameter shows how many consecutive numbers are to be printed;
- two natural numbers and properties to search for;
- a property preceded by minus must not be present in numbers;
- separate the parameters with one space;
- enter 0 to exit.


Enter a request: > 37 4 spy 89
The property [89] is wrong.
Available properties: [EVEN, ODD, BUZZ, DUCK, PALINDROMIC, GAPFUL, SPY, SQUARE, SUNNY, JUMPING, HAPPY, SAD]

Enter a request: > 0

Goodbye!
?[1;31m
Start test 50?[0m
Welcome to Amazing Numbers!

Supported requests:
- enter a natural number to know its properties;
- enter two natural numbers to obtain the properties of the list:
  * the first parameter represents a starting number;
  * the second parameter shows how many consecutive numbers are to be printed;
- two natural numbers and properties to search for;
- a property preceded by minus must not be present in numbers;
- separate the parameters with one space;
- enter 0 to exit.


Enter a request: > 67 2 DUCK +
The property [+] is wrong.
Available properties: [EVEN, ODD, BUZZ, DUCK, PALINDROMIC, GAPFUL, SPY, SQUARE, SUNNY, JUMPING, HAPPY, SAD]

Enter a request: > 0

Goodbye!
?[1;31m
Start test 51?[0m
Welcome to Amazing Numbers!

Supported requests:
- enter a natural number to know its properties;
- enter two natural numbers to obtain the properties of the list:
  * the first parameter represents a starting number;
  * the second parameter shows how many consecutive numbers are to be printed;
- two natural numbers and properties to search for;
- a property preceded by minus must not be present in numbers;
- separate the parameters with one space;
- enter 0 to exit.


Enter a request: > 1 10 boy friend
The properties [BOY, FRIEND] are wrong.
Available properties: [EVEN, ODD, BUZZ, DUCK, PALINDROMIC, GAPFUL, SPY, SQUARE, SUNNY, JUMPING, HAPPY, SAD]

Enter a request: > 0

Goodbye!
?[1;31m
Start test 52?[0m
Welcome to Amazing Numbers!

Supported requests:
- enter a natural number to know its properties;
- enter two natural numbers to obtain the properties of the list:
  * the first parameter represents a starting number;
  * the second parameter shows how many consecutive numbers are to be printed;
- two natural numbers and properties to search for;
- a property preceded by minus must not be present in numbers;
- separate the parameters with one space;
- enter 0 to exit.


Enter a request: > 40 2 long day
The properties [LONG, DAY] are wrong.
Available properties: [EVEN, ODD, BUZZ, DUCK, PALINDROMIC, GAPFUL, SPY, SQUARE, SUNNY, JUMPING, HAPPY, SAD]

Enter a request: > 0

Goodbye!
?[1;31m
Start test 53?[0m
Welcome to Amazing Numbers!

Supported requests:
- enter a natural number to know its properties;
- enter two natural numbers to obtain the properties of the list:
  * the first parameter represents a starting number;
  * the second parameter shows how many consecutive numbers are to be printed;
- two natural numbers and properties to search for;
- a property preceded by minus must not be present in numbers;
- separate the parameters with one space;
- enter 0 to exit.


Enter a request: > 37 4 hot girl
The properties [HOT, GIRL] are wrong.
Available properties: [EVEN, ODD, BUZZ, DUCK, PALINDROMIC, GAPFUL, SPY, SQUARE, SUNNY, JUMPING, HAPPY, SAD]

Enter a request: > 0

Goodbye!
?[1;31m
Start test 54?[0m
Welcome to Amazing Numbers!

Supported requests:
- enter a natural number to know its properties;
- enter two natural numbers to obtain the properties of the list:
  * the first parameter represents a starting number;
  * the second parameter shows how many consecutive numbers are to be printed;
- two natural numbers and properties to search for;
- a property preceded by minus must not be present in numbers;
- separate the parameters with one space;
- enter 0 to exit.


Enter a request: > 67 2 strong drake
The properties [STRONG, DRAKE] are wrong.
Available properties: [EVEN, ODD, BUZZ, DUCK, PALINDROMIC, GAPFUL, SPY, SQUARE, SUNNY, JUMPING, HAPPY, SAD]

Enter a request: > 0

Goodbye!
?[1;31m
Start test 55?[0m
Welcome to Amazing Numbers!

Supported requests:
- enter a natural number to know its properties;
- enter two natural numbers to obtain the properties of the list:
  * the first parameter represents a starting number;
  * the second parameter shows how many consecutive numbers are to be printed;
- two natural numbers and properties to search for;
- a property preceded by minus must not be present in numbers;
- separate the parameters with one space;
- enter 0 to exit.


Enter a request: > 1 7 even spy
2 is palindromic, spy, jumping, sad, even
4 is palindromic, spy, square, jumping, sad, even
6 is palindromic, spy, jumping, sad, even
8 is palindromic, spy, sunny, jumping, sad, even
22 is palindromic, spy, sad, even
132 is gapful, spy, sad, even
312 is spy, sad, even

Enter a request: > 0

Goodbye!
?[1;31m
Start test 56?[0m
Welcome to Amazing Numbers!

Supported requests:
- enter a natural number to know its properties;
- enter two natural numbers to obtain the properties of the list:
  * the first parameter represents a starting number;
  * the second parameter shows how many consecutive numbers are to be printed;
- two natural numbers and properties to search for;
- a property preceded by minus must not be present in numbers;
- separate the parameters with one space;
- enter 0 to exit.


Enter a request: > 1 10 odd buzz
7 is buzz, palindromic, spy, jumping, happy, odd
17 is buzz, sad, odd
21 is buzz, jumping, sad, odd
27 is buzz, sad, odd
35 is buzz, sunny, sad, odd
37 is buzz, sad, odd
47 is buzz, sad, odd
49 is buzz, square, happy, odd
57 is buzz, sad, odd
63 is buzz, sunny, sad, odd

Enter a request: > 0

Goodbye!
?[1;31m
Start test 57?[0m
Welcome to Amazing Numbers!

Supported requests:
- enter a natural number to know its properties;
- enter two natural numbers to obtain the properties of the list:
  * the first parameter represents a starting number;
  * the second parameter shows how many consecutive numbers are to be printed;
- two natural numbers and properties to search for;
- a property preceded by minus must not be present in numbers;
- separate the parameters with one space;
- enter 0 to exit.


Enter a request: > 1 9 buzz gapful
105 is duck, buzz, gapful, sad, odd
140 is duck, buzz, gapful, sad, even
154 is buzz, gapful, sad, even
187 is buzz, gapful, sad, odd
231 is buzz, gapful, spy, sad, odd
280 is duck, buzz, gapful, happy, even
297 is buzz, gapful, sad, odd
315 is buzz, gapful, sad, odd
385 is buzz, gapful, sad, odd

Enter a request: > 0

Goodbye!
?[1;31m
Start test 58?[0m
Welcome to Amazing Numbers!

Supported requests:
- enter a natural number to know its properties;
- enter two natural numbers to obtain the properties of the list:
  * the first parameter represents a starting number;
  * the second parameter shows how many consecutive numbers are to be printed;
- two natural numbers and properties to search for;
- a property preceded by minus must not be present in numbers;
- separate the parameters with one space;
- enter 0 to exit.


Enter a request: > 1 10 spy buzz
7 is buzz, palindromic, spy, jumping, happy, odd
231 is buzz, gapful, spy, sad, odd
1421 is buzz, spy, sad, odd
2114 is buzz, spy, sad, even
15211 is buzz, spy, happy, odd
21511 is buzz, spy, happy, odd
22211 is buzz, spy, sad, odd
31311 is buzz, spy, sad, odd
51121 is buzz, spy, happy, odd
111216 is buzz, gapful, spy, happy, even

Enter a request: > 0

Goodbye!
?[1;31m
Start test 59?[0m
Welcome to Amazing Numbers!

Supported requests:
- enter a natural number to know its properties;
- enter two natural numbers to obtain the properties of the list:
  * the first parameter represents a starting number;
  * the second parameter shows how many consecutive numbers are to be printed;
- two natural numbers and properties to search for;
- a property preceded by minus must not be present in numbers;
- separate the parameters with one space;
- enter 0 to exit.


Enter a request: > 100000 2 even spy
111126 is spy, happy, even
111162 is spy, happy, even

Enter a request: > 0

Goodbye!
?[1;31m
Start test 60?[0m
Welcome to Amazing Numbers!

Supported requests:
- enter a natural number to know its properties;
- enter two natural numbers to obtain the properties of the list:
  * the first parameter represents a starting number;
  * the second parameter shows how many consecutive numbers are to be printed;
- two natural numbers and properties to search for;
- a property preceded by minus must not be present in numbers;
- separate the parameters with one space;
- enter 0 to exit.


Enter a request: > 100 4 odd gapful
105 is duck, buzz, gapful, sad, odd
121 is palindromic, gapful, square, jumping, sad, odd
135 is gapful, sad, odd
143 is gapful, sunny, sad, odd

Enter a request: > 0

Goodbye!
?[1;31m
Start test 61?[0m
Welcome to Amazing Numbers!

Supported requests:
- enter a natural number to know its properties;
- enter two natural numbers to obtain the properties of the list:
  * the first parameter represents a starting number;
  * the second parameter shows how many consecutive numbers are to be printed;
- two natural numbers and properties to search for;
- a property preceded by minus must not be present in numbers;
- separate the parameters with one space;
- enter 0 to exit.


Enter a request: > 2000 4 palindromic duck
2002 is duck, buzz, palindromic, gapful, sad, even
3003 is duck, buzz, palindromic, gapful, sad, odd
4004 is duck, buzz, palindromic, gapful, happy, even
5005 is duck, buzz, palindromic, gapful, sad, odd

Enter a request: > 0

Goodbye!
?[1;31m
Start test 62?[0m
Welcome to Amazing Numbers!

Supported requests:
- enter a natural number to know its properties;
- enter two natural numbers to obtain the properties of the list:
  * the first parameter represents a starting number;
  * the second parameter shows how many consecutive numbers are to be printed;
- two natural numbers and properties to search for;
- a property preceded by minus must not be present in numbers;
- separate the parameters with one space;
- enter 0 to exit.


Enter a request: > 26534 3 buzz evens palindromic
The property [EVENS] is wrong.
Available properties: [EVEN, ODD, BUZZ, DUCK, PALINDROMIC, GAPFUL, SPY, SQUARE, SUNNY, JUMPING, HAPPY, SAD]

Enter a request: > 0

Goodbye!
?[1;31m
Start test 63?[0m
Welcome to Amazing Numbers!

Supported requests:
- enter a natural number to know its properties;
- enter two natural numbers to obtain the properties of the list:
  * the first parameter represents a starting number;
  * the second parameter shows how many consecutive numbers are to be printed;
- two natural numbers and properties to search for;
- a property preceded by minus must not be present in numbers;
- separate the parameters with one space;
- enter 0 to exit.


Enter a request: > 4384 2 odd -buzz -palindromic shiny gapful
The property [SHINY] is wrong.
Available properties: [EVEN, ODD, BUZZ, DUCK, PALINDROMIC, GAPFUL, SPY, SQUARE, SUNNY, JUMPING, HAPPY, SAD]

Enter a request: > 0

Goodbye!
?[1;31m
Start test 64?[0m
Welcome to Amazing Numbers!

Supported requests:
- enter a natural number to know its properties;
- enter two natural numbers to obtain the properties of the list:
  * the first parameter represents a starting number;
  * the second parameter shows how many consecutive numbers are to be printed;
- two natural numbers and properties to search for;
- a property preceded by minus must not be present in numbers;
- separate the parameters with one space;
- enter 0 to exit.


Enter a request: > 1 7 hot sunny odd odd -even
The property [HOT] is wrong.
Available properties: [EVEN, ODD, BUZZ, DUCK, PALINDROMIC, GAPFUL, SPY, SQUARE, SUNNY, JUMPING, HAPPY, SAD]

Enter a request: > 0

Goodbye!
?[1;31m
Start test 65?[0m
Welcome to Amazing Numbers!

Supported requests:
- enter a natural number to know its properties;
- enter two natural numbers to obtain the properties of the list:
  * the first parameter represents a starting number;
  * the second parameter shows how many consecutive numbers are to be printed;
- two natural numbers and properties to search for;
- a property preceded by minus must not be present in numbers;
- separate the parameters with one space;
- enter 0 to exit.


Enter a request: > 78343 4 sunny -duck mac odd
The property [MAC] is wrong.
Available properties: [EVEN, ODD, BUZZ, DUCK, PALINDROMIC, GAPFUL, SPY, SQUARE, SUNNY, JUMPING, HAPPY, SAD]

Enter a request: > 0

Goodbye!
?[1;31m
Start test 66?[0m
Welcome to Amazing Numbers!

Supported requests:
- enter a natural number to know its properties;
- enter two natural numbers to obtain the properties of the list:
  * the first parameter represents a starting number;
  * the second parameter shows how many consecutive numbers are to be printed;
- two natural numbers and properties to search for;
- a property preceded by minus must not be present in numbers;
- separate the parameters with one space;
- enter 0 to exit.


Enter a request: > 3 4 -even -sunny -hot
The property [HOT] is wrong.
Available properties: [EVEN, ODD, BUZZ, DUCK, PALINDROMIC, GAPFUL, SPY, SQUARE, SUNNY, JUMPING, HAPPY, SAD]

Enter a request: > 0

Goodbye!
?[1;31m
Start test 67?[0m
Welcome to Amazing Numbers!

Supported requests:
- enter a natural number to know its properties;
- enter two natural numbers to obtain the properties of the list:
  * the first parameter represents a starting number;
  * the second parameter shows how many consecutive numbers are to be printed;
- two natural numbers and properties to search for;
- a property preceded by minus must not be present in numbers;
- separate the parameters with one space;
- enter 0 to exit.


Enter a request: > 1 7 odd spy palindromic
1 is palindromic, spy, square, jumping, happy, odd
3 is palindromic, spy, sunny, jumping, sad, odd
5 is palindromic, spy, jumping, sad, odd
7 is buzz, palindromic, spy, jumping, happy, odd
9 is palindromic, spy, square, jumping, sad, odd
12221 is palindromic, gapful, spy, sad, odd
13131 is palindromic, spy, sad, odd

Enter a request: > 0

Goodbye!
?[1;31m
Start test 68?[0m
Welcome to Amazing Numbers!

Supported requests:
- enter a natural number to know its properties;
- enter two natural numbers to obtain the properties of the list:
  * the first parameter represents a starting number;
  * the second parameter shows how many consecutive numbers are to be printed;
- two natural numbers and properties to search for;
- a property preceded by minus must not be present in numbers;
- separate the parameters with one space;
- enter 0 to exit.


Enter a request: > 1 10 even palindromic duck buzz
2002 is duck, buzz, palindromic, gapful, sad, even
4004 is duck, buzz, palindromic, gapful, happy, even
6006 is duck, buzz, palindromic, gapful, sad, even
8008 is duck, buzz, palindromic, gapful, sad, even
20202 is duck, buzz, palindromic, sad, even
20902 is duck, buzz, palindromic, sad, even
22022 is duck, buzz, palindromic, gapful, sad, even
29092 is duck, buzz, palindromic, sad, even
40404 is duck, buzz, palindromic, sad, even
44044 is duck, buzz, palindromic, gapful, sad, even

Enter a request: > 0

Goodbye!
?[1;31m
Start test 69?[0m
Welcome to Amazing Numbers!

Supported requests:
- enter a natural number to know its properties;
- enter two natural numbers to obtain the properties of the list:
  * the first parameter represents a starting number;
  * the second parameter shows how many consecutive numbers are to be printed;
- two natural numbers and properties to search for;
- a property preceded by minus must not be present in numbers;
- separate the parameters with one space;
- enter 0 to exit.


Enter a request: > 1 9 even palindromic duck buzz gapful
2002 is duck, buzz, palindromic, gapful, sad, even
4004 is duck, buzz, palindromic, gapful, happy, even
6006 is duck, buzz, palindromic, gapful, sad, even
8008 is duck, buzz, palindromic, gapful, sad, even
22022 is duck, buzz, palindromic, gapful, sad, even
44044 is duck, buzz, palindromic, gapful, sad, even
66066 is duck, buzz, palindromic, gapful, sad, even
88088 is duck, buzz, palindromic, gapful, sad, even
202202 is duck, buzz, palindromic, gapful, sad, even

Enter a request: > 0

Goodbye!
?[1;31m
Start test 70?[0m
Welcome to Amazing Numbers!

Supported requests:
- enter a natural number to know its properties;
- enter two natural numbers to obtain the properties of the list:
  * the first parameter represents a starting number;
  * the second parameter shows how many consecutive numbers are to be printed;
- two natural numbers and properties to search for;
- a property preceded by minus must not be present in numbers;
- separate the parameters with one space;
- enter 0 to exit.


Enter a request: > 1 10 even sunny duck buzz gapful
1680 is duck, buzz, gapful, sunny, sad, even
4760 is duck, buzz, gapful, sunny, sad, even
9408 is duck, buzz, gapful, sunny, sad, even
12320 is duck, buzz, gapful, sunny, sad, even
19320 is duck, buzz, gapful, sunny, sad, even
19880 is duck, buzz, gapful, sunny, sad, even
23408 is duck, buzz, gapful, sunny, sad, even
24024 is duck, buzz, gapful, sunny, sad, even
28560 is duck, buzz, gapful, sunny, happy, even
32760 is duck, buzz, gapful, sunny, sad, even

Enter a request: > 0

Goodbye!
?[1;31m
Start test 71?[0m
Welcome to Amazing Numbers!

Supported requests:
- enter a natural number to know its properties;
- enter two natural numbers to obtain the properties of the list:
  * the first parameter represents a starting number;
  * the second parameter shows how many consecutive numbers are to be printed;
- two natural numbers and properties to search for;
- a property preceded by minus must not be present in numbers;
- separate the parameters with one space;
- enter 0 to exit.


Enter a request: > 100000 2 even spy buzz gapful
111216 is buzz, gapful, spy, happy, even
161112 is buzz, gapful, spy, happy, even

Enter a request: > 0

Goodbye!
?[1;31m
Start test 72?[0m
Welcome to Amazing Numbers!

Supported requests:
- enter a natural number to know its properties;
- enter two natural numbers to obtain the properties of the list:
  * the first parameter represents a starting number;
  * the second parameter shows how many consecutive numbers are to be printed;
- two natural numbers and properties to search for;
- a property preceded by minus must not be present in numbers;
- separate the parameters with one space;
- enter 0 to exit.


Enter a request: > 100 4 odd spy gapful
231 is buzz, gapful, spy, sad, odd
12221 is palindromic, gapful, spy, sad, odd
216111 is buzz, gapful, spy, happy, odd
1111341 is buzz, gapful, spy, sad, odd

Enter a request: > 0

Goodbye!
?[1;31m
Start test 73?[0m
Welcome to Amazing Numbers!

Supported requests:
- enter a natural number to know its properties;
- enter two natural numbers to obtain the properties of the list:
  * the first parameter represents a starting number;
  * the second parameter shows how many consecutive numbers are to be printed;
- two natural numbers and properties to search for;
- a property preceded by minus must not be present in numbers;
- separate the parameters with one space;
- enter 0 to exit.


Enter a request: > 2000 4 even palindromic duck
2002 is duck, buzz, palindromic, gapful, sad, even
4004 is duck, buzz, palindromic, gapful, happy, even
6006 is duck, buzz, palindromic, gapful, sad, even
8008 is duck, buzz, palindromic, gapful, sad, even

Enter a request: > 0

Goodbye!
?[1;31m
Start test 74?[0m
Welcome to Amazing Numbers!

Supported requests:
- enter a natural number to know its properties;
- enter two natural numbers to obtain the properties of the list:
  * the first parameter represents a starting number;
  * the second parameter shows how many consecutive numbers are to be printed;
- two natural numbers and properties to search for;
- a property preceded by minus must not be present in numbers;
- separate the parameters with one space;
- enter 0 to exit.


Enter a request: > 1 15 odd spy -duck spy buzz
7 is buzz, palindromic, spy, jumping, happy, odd
231 is buzz, gapful, spy, sad, odd
1421 is buzz, spy, sad, odd
15211 is buzz, spy, happy, odd
21511 is buzz, spy, happy, odd
22211 is buzz, spy, sad, odd
31311 is buzz, spy, sad, odd
51121 is buzz, spy, happy, odd
112161 is buzz, spy, happy, odd
121611 is buzz, spy, happy, odd
216111 is buzz, gapful, spy, happy, odd
611121 is buzz, spy, happy, odd
1111127 is buzz, spy, sad, odd
1111217 is buzz, spy, sad, odd
1111271 is buzz, spy, sad, odd

Enter a request: > 0

Goodbye!
?[1;31m
Start test 75?[0m
Welcome to Amazing Numbers!

Supported requests:
- enter a natural number to know its properties;
- enter two natural numbers to obtain the properties of the list:
  * the first parameter represents a starting number;
  * the second parameter shows how many consecutive numbers are to be printed;
- two natural numbers and properties to search for;
- a property preceded by minus must not be present in numbers;
- separate the parameters with one space;
- enter 0 to exit.


Enter a request: > 1 2 jumping happy -spy
10 is duck, jumping, happy, even
23 is jumping, happy, odd

Enter a request: > 0

Goodbye!
?[1;31m
Start test 76?[0m
Welcome to Amazing Numbers!

Supported requests:
- enter a natural number to know its properties;
- enter two natural numbers to obtain the properties of the list:
  * the first parameter represents a starting number;
  * the second parameter shows how many consecutive numbers are to be printed;
- two natural numbers and properties to search for;
- a property preceded by minus must not be present in numbers;
- separate the parameters with one space;
- enter 0 to exit.


Enter a request: > 5 1 odd even
The request contains mutually exclusive properties: [EVEN, ODD]
There are no numbers with these properties.


Enter a request: > 0

Goodbye!
?[1;31m
Start test 77?[0m
Welcome to Amazing Numbers!

Supported requests:
- enter a natural number to know its properties;
- enter two natural numbers to obtain the properties of the list:
  * the first parameter represents a starting number;
  * the second parameter shows how many consecutive numbers are to be printed;
- two natural numbers and properties to search for;
- a property preceded by minus must not be present in numbers;
- separate the parameters with one space;
- enter 0 to exit.


Enter a request: > 4 3 even odd
The request contains mutually exclusive properties: [EVEN, ODD]
There are no numbers with these properties.


Enter a request: > 0

Goodbye!
?[1;31m
Start test 78?[0m
Welcome to Amazing Numbers!

Supported requests:
- enter a natural number to know its properties;
- enter two natural numbers to obtain the properties of the list:
  * the first parameter represents a starting number;
  * the second parameter shows how many consecutive numbers are to be printed;
- two natural numbers and properties to search for;
- a property preceded by minus must not be present in numbers;
- separate the parameters with one space;
- enter 0 to exit.


Enter a request: > 32 2 sunny square
The request contains mutually exclusive properties: [SUNNY, SQUARE]
There are no numbers with these properties.


Enter a request: > 0

Goodbye!
?[1;31m
Start test 79?[0m
Welcome to Amazing Numbers!

Supported requests:
- enter a natural number to know its properties;
- enter two natural numbers to obtain the properties of the list:
  * the first parameter represents a starting number;
  * the second parameter shows how many consecutive numbers are to be printed;
- two natural numbers and properties to search for;
- a property preceded by minus must not be present in numbers;
- separate the parameters with one space;
- enter 0 to exit.


Enter a request: > 3153 2 spy duck
The request contains mutually exclusive properties: [DUCK, SPY]
There are no numbers with these properties.


Enter a request: > 0

Goodbye!
?[1;31m
Start test 80?[0m
Welcome to Amazing Numbers!

Supported requests:
- enter a natural number to know its properties;
- enter two natural numbers to obtain the properties of the list:
  * the first parameter represents a starting number;
  * the second parameter shows how many consecutive numbers are to be printed;
- two natural numbers and properties to search for;
- a property preceded by minus must not be present in numbers;
- separate the parameters with one space;
- enter 0 to exit.


Enter a request: > 6 7 duck spy
The request contains mutually exclusive properties: [DUCK, SPY]
There are no numbers with these properties.


Enter a request: > 0

Goodbye!
?[1;31m
Start test 81?[0m
Welcome to Amazing Numbers!

Supported requests:
- enter a natural number to know its properties;
- enter two natural numbers to obtain the properties of the list:
  * the first parameter represents a starting number;
  * the second parameter shows how many consecutive numbers are to be printed;
- two natural numbers and properties to search for;
- a property preceded by minus must not be present in numbers;
- separate the parameters with one space;
- enter 0 to exit.


Enter a request: > 1 2 spy odd sunny even
The request contains mutually exclusive properties: [EVEN, ODD]
There are no numbers with these properties.


Enter a request: > 0

Goodbye!
?[1;31m
Start test 82?[0m
Welcome to Amazing Numbers!

Supported requests:
- enter a natural number to know its properties;
- enter two natural numbers to obtain the properties of the list:
  * the first parameter represents a starting number;
  * the second parameter shows how many consecutive numbers are to be printed;
- two natural numbers and properties to search for;
- a property preceded by minus must not be present in numbers;
- separate the parameters with one space;
- enter 0 to exit.


Enter a request: > 7 2 sunny even duck buzz square
The request contains mutually exclusive properties: [SUNNY, SQUARE]
There are no numbers with these properties.


Enter a request: > 0

Goodbye!
?[1;31m
Start test 83?[0m
Welcome to Amazing Numbers!

Supported requests:
- enter a natural number to know its properties;
- enter two natural numbers to obtain the properties of the list:
  * the first parameter represents a starting number;
  * the second parameter shows how many consecutive numbers are to be printed;
- two natural numbers and properties to search for;
- a property preceded by minus must not be present in numbers;
- separate the parameters with one space;
- enter 0 to exit.


Enter a request: > 9 5 even spy buzz duck
The request contains mutually exclusive properties: [DUCK, SPY]
There are no numbers with these properties.


Enter a request: > 0

Goodbye!
?[1;31m
Start test 84?[0m
Welcome to Amazing Numbers!

Supported requests:
- enter a natural number to know its properties;
- enter two natural numbers to obtain the properties of the list:
  * the first parameter represents a starting number;
  * the second parameter shows how many consecutive numbers are to be printed;
- two natural numbers and properties to search for;
- a property preceded by minus must not be present in numbers;
- separate the parameters with one space;
- enter 0 to exit.


Enter a request: > 6 6 -odd -even
The request contains mutually exclusive properties: [-EVEN, -ODD]
There are no numbers with these properties.


Enter a request: > 0

Goodbye!
?[1;31m
Start test 85?[0m
Welcome to Amazing Numbers!

Supported requests:
- enter a natural number to know its properties;
- enter two natural numbers to obtain the properties of the list:
  * the first parameter represents a starting number;
  * the second parameter shows how many consecutive numbers are to be printed;
- two natural numbers and properties to search for;
- a property preceded by minus must not be present in numbers;
- separate the parameters with one space;
- enter 0 to exit.


Enter a request: > 6 7 odd -odd
The request contains mutually exclusive properties: [ODD, -ODD]
There are no numbers with these properties.


Enter a request: > 0

Goodbye!
?[1;31m
Start test 86?[0m
Welcome to Amazing Numbers!

Supported requests:
- enter a natural number to know its properties;
- enter two natural numbers to obtain the properties of the list:
  * the first parameter represents a starting number;
  * the second parameter shows how many consecutive numbers are to be printed;
- two natural numbers and properties to search for;
- a property preceded by minus must not be present in numbers;
- separate the parameters with one space;
- enter 0 to exit.


Enter a request: > 8 1 -even even
The request contains mutually exclusive properties: [EVEN, -EVEN]
There are no numbers with these properties.


Enter a request: > 0

Goodbye!
?[1;31m
Start test 87?[0m
Welcome to Amazing Numbers!

Supported requests:
- enter a natural number to know its properties;
- enter two natural numbers to obtain the properties of the list:
  * the first parameter represents a starting number;
  * the second parameter shows how many consecutive numbers are to be printed;
- two natural numbers and properties to search for;
- a property preceded by minus must not be present in numbers;
- separate the parameters with one space;
- enter 0 to exit.


Enter a request: > 3 5 odd duck buzz -duck sunny
The request contains mutually exclusive properties: [DUCK, -DUCK]
There are no numbers with these properties.


Enter a request: > 0

Goodbye!
?[1;31m
Start test 88?[0m
Welcome to Amazing Numbers!

Supported requests:
- enter a natural number to know its properties;
- enter two natural numbers to obtain the properties of the list:
  * the first parameter represents a starting number;
  * the second parameter shows how many consecutive numbers are to be printed;
- two natural numbers and properties to search for;
- a property preceded by minus must not be present in numbers;
- separate the parameters with one space;
- enter 0 to exit.


Enter a request: > 1 15 -EVEN
1 is palindromic, spy, square, jumping, happy, odd
3 is palindromic, spy, sunny, jumping, sad, odd
5 is palindromic, spy, jumping, sad, odd
7 is buzz, palindromic, spy, jumping, happy, odd
9 is palindromic, spy, square, jumping, sad, odd
11 is palindromic, sad, odd
13 is happy, odd
15 is sunny, sad, odd
17 is buzz, sad, odd
19 is happy, odd
21 is buzz, jumping, sad, odd
23 is jumping, happy, odd
25 is square, sad, odd
27 is buzz, sad, odd
29 is sad, odd

Enter a request: > 1 15 -ODD
2 is palindromic, spy, jumping, sad, even
4 is palindromic, spy, square, jumping, sad, even
6 is palindromic, spy, jumping, sad, even
8 is palindromic, spy, sunny, jumping, sad, even
10 is duck, jumping, happy, even
12 is jumping, sad, even
14 is buzz, sad, even
16 is square, sad, even
18 is sad, even
20 is duck, sad, even
22 is palindromic, spy, sad, even
24 is sunny, sad, even
26 is sad, even
28 is buzz, happy, even
30 is duck, sad, even

Enter a request: > 1 15 -BUZZ
1 is palindromic, spy, square, jumping, happy, odd
2 is palindromic, spy, jumping, sad, even
3 is palindromic, spy, sunny, jumping, sad, odd
4 is palindromic, spy, square, jumping, sad, even
5 is palindromic, spy, jumping, sad, odd
6 is palindromic, spy, jumping, sad, even
8 is palindromic, spy, sunny, jumping, sad, even
9 is palindromic, spy, square, jumping, sad, odd
10 is duck, jumping, happy, even
11 is palindromic, sad, odd
12 is jumping, sad, even
13 is happy, odd
15 is sunny, sad, odd
16 is square, sad, even
18 is sad, even

Enter a request: > 1 15 -DUCK
1 is palindromic, spy, square, jumping, happy, odd
2 is palindromic, spy, jumping, sad, even
3 is palindromic, spy, sunny, jumping, sad, odd
4 is palindromic, spy, square, jumping, sad, even
5 is palindromic, spy, jumping, sad, odd
6 is palindromic, spy, jumping, sad, even
7 is buzz, palindromic, spy, jumping, happy, odd
8 is palindromic, spy, sunny, jumping, sad, even
9 is palindromic, spy, square, jumping, sad, odd
11 is palindromic, sad, odd
12 is jumping, sad, even
13 is happy, odd
14 is buzz, sad, even
15 is sunny, sad, odd
16 is square, sad, even

Enter a request: > 1 15 -PALINDROMIC
10 is duck, jumping, happy, even
12 is jumping, sad, even
13 is happy, odd
14 is buzz, sad, even
15 is sunny, sad, odd
16 is square, sad, even
17 is buzz, sad, odd
18 is sad, even
19 is happy, odd
20 is duck, sad, even
21 is buzz, jumping, sad, odd
23 is jumping, happy, odd
24 is sunny, sad, even
25 is square, sad, odd
26 is sad, even

Enter a request: > 1 15 -GAPFUL
1 is palindromic, spy, square, jumping, happy, odd
2 is palindromic, spy, jumping, sad, even
3 is palindromic, spy, sunny, jumping, sad, odd
4 is palindromic, spy, square, jumping, sad, even
5 is palindromic, spy, jumping, sad, odd
6 is palindromic, spy, jumping, sad, even
7 is buzz, palindromic, spy, jumping, happy, odd
8 is palindromic, spy, sunny, jumping, sad, even
9 is palindromic, spy, square, jumping, sad, odd
10 is duck, jumping, happy, even
11 is palindromic, sad, odd
12 is jumping, sad, even
13 is happy, odd
14 is buzz, sad, even
15 is sunny, sad, odd

Enter a request: > 1 15 -SPY
10 is duck, jumping, happy, even
11 is palindromic, sad, odd
12 is jumping, sad, even
13 is happy, odd
14 is buzz, sad, even
15 is sunny, sad, odd
16 is square, sad, even
17 is buzz, sad, odd
18 is sad, even
19 is happy, odd
20 is duck, sad, even
21 is buzz, jumping, sad, odd
23 is jumping, happy, odd
24 is sunny, sad, even
25 is square, sad, odd

Enter a request: > 1 15 -SQUARE
2 is palindromic, spy, jumping, sad, even
3 is palindromic, spy, sunny, jumping, sad, odd
5 is palindromic, spy, jumping, sad, odd
6 is palindromic, spy, jumping, sad, even
7 is buzz, palindromic, spy, jumping, happy, odd
8 is palindromic, spy, sunny, jumping, sad, even
10 is duck, jumping, happy, even
11 is palindromic, sad, odd
12 is jumping, sad, even
13 is happy, odd
14 is buzz, sad, even
15 is sunny, sad, odd
17 is buzz, sad, odd
18 is sad, even
19 is happy, odd

Enter a request: > 1 15 -SUNNY
1 is palindromic, spy, square, jumping, happy, odd
2 is palindromic, spy, jumping, sad, even
4 is palindromic, spy, square, jumping, sad, even
5 is palindromic, spy, jumping, sad, odd
6 is palindromic, spy, jumping, sad, even
7 is buzz, palindromic, spy, jumping, happy, odd
9 is palindromic, spy, square, jumping, sad, odd
10 is duck, jumping, happy, even
11 is palindromic, sad, odd
12 is jumping, sad, even
13 is happy, odd
14 is buzz, sad, even
16 is square, sad, even
17 is buzz, sad, odd
18 is sad, even

Enter a request: > 1 15 -JUMPING
11 is palindromic, sad, odd
13 is happy, odd
14 is buzz, sad, even
15 is sunny, sad, odd
16 is square, sad, even
17 is buzz, sad, odd
18 is sad, even
19 is happy, odd
20 is duck, sad, even
22 is palindromic, spy, sad, even
24 is sunny, sad, even
25 is square, sad, odd
26 is sad, even
27 is buzz, sad, odd
28 is buzz, happy, even

Enter a request: > 1 15 -HAPPY
2 is palindromic, spy, jumping, sad, even
3 is palindromic, spy, sunny, jumping, sad, odd
4 is palindromic, spy, square, jumping, sad, even
5 is palindromic, spy, jumping, sad, odd
6 is palindromic, spy, jumping, sad, even
8 is palindromic, spy, sunny, jumping, sad, even
9 is palindromic, spy, square, jumping, sad, odd
11 is palindromic, sad, odd
12 is jumping, sad, even
14 is buzz, sad, even
15 is sunny, sad, odd
16 is square, sad, even
17 is buzz, sad, odd
18 is sad, even
20 is duck, sad, even

Enter a request: > 1 15 -SAD
1 is palindromic, spy, square, jumping, happy, odd
7 is buzz, palindromic, spy, jumping, happy, odd
10 is duck, jumping, happy, even
13 is happy, odd
19 is happy, odd
23 is jumping, happy, odd
28 is buzz, happy, even
31 is happy, odd
32 is jumping, happy, even
44 is palindromic, happy, even
49 is buzz, square, happy, odd
68 is happy, even
70 is duck, buzz, happy, even
79 is happy, odd
82 is happy, even

Enter a request: > 0

Goodbye!
]]></system-out>
  <system-err><![CDATA[]]></system-err>
</testsuite>
