<?xml version="1.0" encoding="UTF-8"?>
<testsuite name="NumbersTest" tests="1" skipped="0" failures="0" errors="0" timestamp="2022-02-22T18:30:32" hostname="ZSHWRW001872" time="0.462">
  <properties/>
  <testcase name="start" classname="NumbersTest" time="0.462"/>
  <system-out><![CDATA[?[1;31m
Start test 1?[0m
Welcome to Amazing Numbers!

Supported requests:
- enter a natural number to know its properties;
- enter 0 to exit.

Enter a request: 
> 0
The first parameter should be a natural number or zero.
?[1;31m
Start test 2?[0m
Welcome to Amazing Numbers!

Supported requests:
- enter a natural number to know its properties;
- enter 0 to exit.

Enter a request: 
> -119
The first parameter should be a natural number or zero.

Enter a request: 
> 0
The first parameter should be a natural number or zero.
?[1;31m
Start test 3?[0m
Welcome to Amazing Numbers!

Supported requests:
- enter a natural number to know its properties;
- enter 0 to exit.

Enter a request: 
> -112
The first parameter should be a natural number or zero.

Enter a request: 
> 0
The first parameter should be a natural number or zero.
?[1;31m
Start test 4?[0m
Welcome to Amazing Numbers!

Supported requests:
- enter a natural number to know its properties;
- enter 0 to exit.

Enter a request: 
> -123
The first parameter should be a natural number or zero.

Enter a request: 
> 0
The first parameter should be a natural number or zero.
?[1;31m
Start test 5?[0m
Welcome to Amazing Numbers!

Supported requests:
- enter a natural number to know its properties;
- enter 0 to exit.

Enter a request: 
> -76
The first parameter should be a natural number or zero.

Enter a request: 
> 0
The first parameter should be a natural number or zero.
?[1;31m
Start test 6?[0m
Welcome to Amazing Numbers!

Supported requests:
- enter a natural number to know its properties;
- enter 0 to exit.

Enter a request: 
> -18
The first parameter should be a natural number or zero.

Enter a request: 
> 0
The first parameter should be a natural number or zero.
?[1;31m
Start test 7?[0m
Welcome to Amazing Numbers!

Supported requests:
- enter a natural number to know its properties;
- enter 0 to exit.

Enter a request: 
> 1
Properties of 1
	even: false
	odd: true
	buzz: false
	duck: false
	palindromic: true

Enter a request: 
> 2
Properties of 2
	even: true
	odd: false
	buzz: false
	duck: false
	palindromic: true

Enter a request: 
> 3
Properties of 3
	even: false
	odd: true
	buzz: false
	duck: false
	palindromic: true

Enter a request: 
> 4
Properties of 4
	even: true
	odd: false
	buzz: false
	duck: false
	palindromic: true

Enter a request: 
> 5
Properties of 5
	even: false
	odd: true
	buzz: false
	duck: false
	palindromic: true

Enter a request: 
> 6
Properties of 6
	even: true
	odd: false
	buzz: false
	duck: false
	palindromic: true

Enter a request: 
> 7
Properties of 7
	even: false
	odd: true
	buzz: true
	duck: false
	palindromic: true

Enter a request: 
> 8
Properties of 8
	even: true
	odd: false
	buzz: false
	duck: false
	palindromic: true

Enter a request: 
> 9
Properties of 9
	even: false
	odd: true
	buzz: false
	duck: false
	palindromic: true

Enter a request: 
> 10
Properties of 10
	even: true
	odd: false
	buzz: false
	duck: true
	palindromic: false

Enter a request: 
> 11
Properties of 11
	even: false
	odd: true
	buzz: false
	duck: false
	palindromic: true

Enter a request: 
> 12
Properties of 12
	even: true
	odd: false
	buzz: false
	duck: false
	palindromic: false

Enter a request: 
> 13
Properties of 13
	even: false
	odd: true
	buzz: false
	duck: false
	palindromic: false

Enter a request: 
> 14
Properties of 14
	even: true
	odd: false
	buzz: true
	duck: false
	palindromic: false

Enter a request: 
> 0
The first parameter should be a natural number or zero.
?[1;31m
Start test 8?[0m
Welcome to Amazing Numbers!

Supported requests:
- enter a natural number to know its properties;
- enter 0 to exit.

Enter a request: 
> 3770063227538353506
Properties of 3770063227538353506
	even: true
	odd: false
	buzz: false
	duck: true
	palindromic: false

Enter a request: 
> 0
The first parameter should be a natural number or zero.
?[1;31m
Start test 9?[0m
Welcome to Amazing Numbers!

Supported requests:
- enter a natural number to know its properties;
- enter 0 to exit.

Enter a request: 
> 4636422455347244985
Properties of 4636422455347244985
	even: false
	odd: true
	buzz: false
	duck: false
	palindromic: false

Enter a request: 
> 0
The first parameter should be a natural number or zero.
?[1;31m
Start test 10?[0m
Welcome to Amazing Numbers!

Supported requests:
- enter a natural number to know its properties;
- enter 0 to exit.

Enter a request: 
> 7464672339322328689
Properties of 7464672339322328689
	even: false
	odd: true
	buzz: false
	duck: false
	palindromic: false

Enter a request: 
> 0
The first parameter should be a natural number or zero.
?[1;31m
Start test 11?[0m
Welcome to Amazing Numbers!

Supported requests:
- enter a natural number to know its properties;
- enter 0 to exit.

Enter a request: 
> 7225958870256449315
Properties of 7225958870256449315
	even: false
	odd: true
	buzz: false
	duck: true
	palindromic: false

Enter a request: 
> 0
The first parameter should be a natural number or zero.
?[1;31m
Start test 12?[0m
Welcome to Amazing Numbers!

Supported requests:
- enter a natural number to know its properties;
- enter 0 to exit.

Enter a request: 
> 2340061907799456142
Properties of 2340061907799456142
	even: true
	odd: false
	buzz: false
	duck: true
	palindromic: false

Enter a request: 
> 0
The first parameter should be a natural number or zero.
?[1;31m
Start test 13?[0m
Welcome to Amazing Numbers!

Supported requests:
- enter a natural number to know its properties;
- enter 0 to exit.

Enter a request: 
> 2163757395920910332
Properties of 2163757395920910332
	even: true
	odd: false
	buzz: false
	duck: true
	palindromic: false

Enter a request: 
> 0
The first parameter should be a natural number or zero.
?[1;31m
Start test 14?[0m
Welcome to Amazing Numbers!

Supported requests:
- enter a natural number to know its properties;
- enter 0 to exit.

Enter a request: 
> 4422235771965751438
Properties of 4422235771965751438
	even: true
	odd: false
	buzz: false
	duck: false
	palindromic: false

Enter a request: 
> 0
The first parameter should be a natural number or zero.
?[1;31m
Start test 15?[0m
Welcome to Amazing Numbers!

Supported requests:
- enter a natural number to know its properties;
- enter 0 to exit.

Enter a request: 
> 997012606820609124
Properties of 997012606820609124
	even: true
	odd: false
	buzz: false
	duck: true
	palindromic: false

Enter a request: 
> 0
The first parameter should be a natural number or zero.
?[1;31m
Start test 16?[0m
Welcome to Amazing Numbers!

Supported requests:
- enter a natural number to know its properties;
- enter 0 to exit.

Enter a request: 
> 3121163009824060252
Properties of 3121163009824060252
	even: true
	odd: false
	buzz: false
	duck: true
	palindromic: false

Enter a request: 
> 0
The first parameter should be a natural number or zero.
?[1;31m
Start test 17?[0m
Welcome to Amazing Numbers!

Supported requests:
- enter a natural number to know its properties;
- enter 0 to exit.

Enter a request: 
> 6482804062834359702
Properties of 6482804062834359702
	even: true
	odd: false
	buzz: false
	duck: true
	palindromic: false

Enter a request: 
> 0
The first parameter should be a natural number or zero.
]]></system-out>
  <system-err><![CDATA[]]></system-err>
</testsuite>
